<?xml version="1.0" encoding="UTF-8"?>
<!-- Generated by org.testng.reporters.JUnitReportReporter -->
<testsuite hostname="Pavan" failures="0" tests="1" name="com.testng.Demo_1" time="0.008" errors="0" timestamp="2023-12-12T08:10:21 IST" skipped="0">
  <testcase classname="com.testng.Demo_1" name="CreateOrganizationTest" time="0.008"/>
</testsuite> <!-- com.testng.Demo_1 -->
