<?xml version="1.0" encoding="UTF-8"?>
<!-- Generated by org.testng.reporters.JUnitReportReporter -->
<testsuite hostname="Pavan" failures="0" tests="2" name="com.SampleFW.CreateOrgTest" time="0.010" errors="0" timestamp="2023-12-15T08:40:32 IST" skipped="0">
  <testcase classname="com.SampleFW.CreateOrgTest" name="createOrg_WithEmail" time="0.003"/>
  <testcase classname="com.SampleFW.CreateOrgTest" name="createOrg_WithCouponCode" time="0.007"/>
</testsuite> <!-- com.SampleFW.CreateOrgTest -->
