<?xml version="1.0" encoding="UTF-8"?>
<!-- Generated by org.testng.reporters.JUnitReportReporter -->
<testsuite hostname="Pavan" failures="0" tests="1" name="com.SampleFW.CreateContactTest" time="0.002" errors="0" timestamp="2023-12-12T09:05:56 IST" skipped="0">
  <testcase classname="com.SampleFW.CreateContactTest" name="createContactWithOrgTest" time="0.002"/>
</testsuite> <!-- com.SampleFW.CreateContactTest -->
