<?xml version="1.0" encoding="UTF-8"?>
<!-- Generated by org.testng.reporters.JUnitReportReporter -->
<testsuite hostname="Pavan" failures="0" tests="1" name="com.SampleFW.CreateContactTest" time="3.806" errors="0" timestamp="2023-12-15T08:30:03 IST" skipped="0">
  <testcase classname="com.SampleFW.CreateContactTest" name="createContactWithOrgTest" time="3.806"/>
</testsuite> <!-- com.SampleFW.CreateContactTest -->
