<?xml version="1.0" encoding="UTF-8"?>
<!-- Generated by org.testng.reporters.JUnitReportReporter -->
<testsuite hostname="Pavan" failures="0" tests="2" name="com.testng.TestAnnotation" time="0.008" errors="0" timestamp="2023-12-14T08:24:21 IST" skipped="0">
  <testcase classname="com.testng.TestAnnotation" name="test2" time="0.003"/>
  <testcase classname="com.testng.TestAnnotation" name="test1" time="0.005"/>
</testsuite> <!-- com.testng.TestAnnotation -->
