<?xml version="1.0" encoding="UTF-8"?>
<!-- Generated by org.testng.reporters.JUnitReportReporter -->
<testsuite hostname="Pavan" failures="0" tests="1" name="com.SampleFW.CreateProof" time="3.560" errors="0" timestamp="2023-12-15T08:30:03 IST" skipped="0">
  <testcase classname="com.SampleFW.CreateProof" name="createProof" time="3.560"/>
</testsuite> <!-- com.SampleFW.CreateProof -->
