<?xml version="1.0" encoding="UTF-8"?>
<!-- Generated by org.testng.reporters.JUnitReportReporter -->
<testsuite hostname="Pavan" failures="0" tests="2" name="com.testng.Demo_1" time="0.013" errors="0" timestamp="2023-12-11T08:45:13 IST" skipped="0">
  <testcase classname="com.testng.Demo_1" name="CreateOrgWithDDTest" time="0.013"/>
  <testcase classname="com.testng.Demo_1" name="CreateOrganizationTest" time="0.000"/>
</testsuite> <!-- com.testng.Demo_1 -->
