<?xml version="1.0" encoding="UTF-8"?>
<!-- Generated by org.testng.reporters.JUnitReportReporter -->
<testsuite hostname="Pavan" failures="0" tests="4" name="com.testng.Demo_2_Priority" time="0.009" errors="0" timestamp="2023-12-11T08:53:26 IST" skipped="0">
  <testcase classname="com.testng.Demo_2_Priority" name="registerAccountSBI" time="0.007"/>
  <testcase classname="com.testng.Demo_2_Priority" name="deleteCustomerSBI" time="0.001"/>
  <testcase classname="com.testng.Demo_2_Priority" name="createCustomerSBI" time="0.001"/>
  <testcase classname="com.testng.Demo_2_Priority" name="modifyCustomerSBI" time="0.000"/>
</testsuite> <!-- com.testng.Demo_2_Priority -->
