<?xml version="1.0" encoding="UTF-8"?>
<!-- Generated by org.testng.reporters.JUnitReportReporter -->
<testsuite hostname="Pavan" failures="0" tests="3" name="com.testng.Demo_3_Flags" time="0.009" errors="0" timestamp="2023-12-12T08:25:37 IST" skipped="2">
  <testcase classname="com.testng.Demo_3_Flags" name="logintoAppViaAPI" time="0.009"/>
  <testcase classname="com.testng.Demo_3_Flags" name="logintoAppDB">
    <skipped/>
  </testcase> <!-- logintoAppDB -->
  <testcase classname="com.testng.Demo_3_Flags" name="logintoApp">
    <skipped/>
  </testcase> <!-- logintoApp -->
</testsuite> <!-- com.testng.Demo_3_Flags -->
