<?xml version="1.0" encoding="UTF-8"?>
<!-- Generated by org.testng.reporters.JUnitReportReporter -->
<testsuite hostname="Pavan" failures="0" tests="1" name="com.SampleFW.CreateLead" time="4.082" errors="0" timestamp="2023-12-15T08:30:03 IST" skipped="0">
  <testcase classname="com.SampleFW.CreateLead" name="createLead" time="4.082"/>
</testsuite> <!-- com.SampleFW.CreateLead -->
