<?xml version="1.0" encoding="UTF-8"?>
<!-- Generated by org.testng.reporters.JUnitReportReporter -->
<testsuite hostname="Pavan" failures="0" tests="1" name="genericMethods.Sample" time="0.010" errors="0" timestamp="2023-12-12T09:10:13 IST" skipped="0">
  <testcase classname="genericMethods.Sample" name="test1" time="0.010"/>
</testsuite> <!-- genericMethods.Sample -->
