<?xml version="1.0" encoding="UTF-8"?>
<!-- Generated by org.testng.reporters.JUnitReportReporter -->
<testsuite hostname="Pavan" failures="0" tests="1" name="com.SampleFW.CreateOrgTest" time="0.006" errors="0" timestamp="2023-12-12T09:05:56 IST" skipped="0">
  <testcase classname="com.SampleFW.CreateOrgTest" name="createOrg_WithEmail" time="0.006"/>
</testsuite> <!-- com.SampleFW.CreateOrgTest -->
